2025-07-15 11:06:45,339 - INFO - ########################################################
2025-07-15 11:07:02,178 - ERROR - No of Bounding box:2, image path:gc_pandora\20250714-Francisco-1-(40 images)\IMG_0054.JPG
2025-07-15 11:07:10,031 - ERROR - No of Bounding box:2, image path:gc_pandora\20250714-Francisco-1-(40 images)\IMG_0101.JPG
2025-07-15 11:07:12,175 - ERROR - No of Bounding box:2, image path:gc_pandora\20250714-Francisco-1-(40 images)\IMG_0111.JPG
2025-07-15 11:07:16,605 - ERROR - No of Bounding box:2, image path:gc_pandora\20250714-Francisco-1-(40 images)\IMG_0134.JPG
2025-07-15 11:09:09,869 - ERROR - No of Bounding box:2, image path:gc_pandora\20250714-Phil-2-(40 images)\IMG_0227.JPG
2025-07-15 11:20:48,363 - INFO - ########################################################
2025-07-16 09:25:33,552 - INFO - ########################################################
2025-07-17 10:35:05,341 - INFO - ########################################################
2025-07-17 10:36:13,673 - ERROR - No of Bounding box:2, image path:gc_pandora\20250716-Phil-8-(40 Images)\IMG_1512.JPG
2025-07-18 09:55:50,021 - INFO - ########################################################
2025-07-22 08:44:37,873 - INFO - ########################################################
2025-07-22 08:47:15,158 - ERROR - No of Bounding box:2, image path:gc_pandora\20250721-Phil-10-(40 Images)\IMG_2032.JPG
2025-07-22 08:49:46,885 - ERROR -   Folder Name: 20250721-Francisco-1-(40 images), Image Path: IMG_0036.JPG
2025-07-23 08:49:22,062 - INFO - ########################################################
2025-07-23 08:50:32,971 - ERROR - OCR wrong [    0.37223     0.97592], image path:IMG_1300.JPG
2025-07-23 08:50:44,254 - ERROR -   Folder Name: 20250722-Phil-7-(40 Images), Image Path: IMG_1300.JPG
2025-07-23 11:20:41,391 - INFO - ########################################################
2025-07-24 08:56:32,173 - INFO - ########################################################
2025-07-24 08:56:39,657 - ERROR - No of Bounding box:2, image path:gc_pandora\20250722-Francisco-2-(40 images)\IMG_0490.JPG
2025-07-25 05:17:07,092 - INFO - ########################################################
2025-07-25 07:08:31,363 - INFO - ########################################################
2025-07-25 07:09:23,223 - ERROR - No of Bounding box:2, image path:gc_pandora\20250724-Phil-2-(40 Images)\IMG_0358.JPG
2025-07-26 06:55:15,556 - INFO - ########################################################
2025-07-26 06:55:44,067 - ERROR - OCR wrong [    0.99097     0.89042     0.62356], image path:IMG_0309.JPG
2025-07-26 06:56:33,737 - ERROR -   Folder Name: 20250725-Phil-2-(40 Images), Image Path: IMG_0309.JPG
2025-07-26 10:26:14,293 - INFO - ########################################################
2025-07-29 08:34:34,861 - INFO - ########################################################
2025-07-29 11:30:49,399 - INFO - ########################################################
2025-07-30 08:34:33,344 - INFO - ########################################################
2025-07-30 09:28:11,924 - INFO - ########################################################
2025-07-31 09:14:17,753 - INFO - ########################################################
2025-07-31 09:14:54,138 - ERROR - No of Bounding box:2, image path:gc_pandora\20250730-Phil-6-(40 Images)\IMG_1137.JPG
2025-07-31 09:14:55,073 - ERROR - No of Bounding box:2, image path:gc_pandora\20250730-Phil-6-(40 Images)\IMG_1141.JPG
2025-07-31 09:14:55,987 - ERROR - No of Bounding box:2, image path:gc_pandora\20250730-Phil-6-(40 Images)\IMG_1149.JPG
2025-07-31 09:15:28,860 - ERROR - No of Bounding box:2, image path:gc_pandora\20250730-Phil-6-(40 Images)\IMG_1370.JPG
2025-07-31 09:24:34,308 - INFO - ########################################################
2025-07-31 09:25:11,220 - ERROR - No of Bounding box:2, image path:gc_pandora\20250730-Phil-6-(40 Images)\IMG_1137.JPG
2025-07-31 09:25:12,152 - ERROR - No of Bounding box:2, image path:gc_pandora\20250730-Phil-6-(40 Images)\IMG_1141.JPG
2025-07-31 09:25:13,059 - ERROR - No of Bounding box:2, image path:gc_pandora\20250730-Phil-6-(40 Images)\IMG_1149.JPG
2025-07-31 09:25:46,650 - ERROR - No of Bounding box:2, image path:gc_pandora\20250730-Phil-6-(40 Images)\IMG_1370.JPG
2025-08-01 09:16:36,421 - INFO - ########################################################
2025-08-01 11:33:17,563 - INFO - ########################################################
2025-08-02 09:02:28,551 - INFO - ########################################################
2025-08-02 09:02:29,818 - ERROR - No of Bounding box:2, image path:gc_pandora\20250801-Francisco-1-(52 images)\IMG_0001.JPG
2025-08-02 10:16:34,483 - INFO - ########################################################
2025-08-05 08:35:40,452 - INFO - ########################################################
2025-08-05 10:33:49,686 - INFO - ########################################################
2025-08-05 10:34:45,717 - ERROR - No of Bounding box:2, image path:gc_pandora\20250804-Francisco-4-(34 images)\IMG_0961.JPG
2025-08-05 10:35:33,272 - ERROR - No of Bounding box:2, image path:gc_pandora\20250804-Phil-13-(40 Images)\IMG_2804.JPG
2025-08-06 09:51:46,981 - INFO - ########################################################
2025-08-07 08:47:29,081 - INFO - ########################################################
2025-08-08 05:41:12,451 - INFO - ########################################################
2025-08-08 09:50:16,521 - INFO - ########################################################
2025-08-08 11:42:34,550 - INFO - ########################################################
2025-08-12 09:54:43,212 - INFO - ########################################################
2025-08-12 09:57:07,286 - ERROR -   Folder Name: 20250811-Francisco-3-(40 images), Image Path: IMG_0767.JPG
2025-08-13 10:12:48,041 - INFO - ########################################################
2025-08-14 08:34:11,559 - INFO - ########################################################
2025-08-16 07:32:18,357 - INFO - ########################################################
2025-08-16 08:48:46,053 - INFO - ########################################################
2025-08-17 10:21:42,036 - INFO - ########################################################
2025-08-19 08:08:28,812 - INFO - ########################################################
2025-08-19 08:08:38,849 - ERROR - OCR wrong [    0.28326     0.65813], image path:IMG_2398.JPG
2025-08-19 08:09:45,728 - ERROR -   Folder Name: 20250814-Phil-10-(40 Images), Image Path: IMG_2398.JPG
2025-08-19 11:29:57,742 - INFO - ########################################################
2025-08-19 11:30:24,473 - ERROR - No of Bounding box:2, image path:gc_pandora\20250818-Phil-1-(40 Images)\IMG_0155.JPG
2025-08-19 11:30:44,849 - ERROR - No of Bounding box:2, image path:gc_pandora\20250818-Phil-1-(40 Images)\IMG_0254.JPG
2025-08-20 08:14:39,874 - INFO - ########################################################
2025-08-21 09:05:40,881 - INFO - ########################################################
2025-08-22 08:50:15,597 - INFO - ########################################################
2025-08-22 08:50:46,492 - ERROR - OCR wrong [    0.74102     0.98529], image path:IMG_1279.JPG
2025-08-22 08:50:54,957 - ERROR - OCR wrong [    0.60138     0.96591], image path:IMG_1321.JPG
2025-08-22 08:50:56,899 - ERROR - OCR wrong [    0.55702     0.95872], image path:IMG_1328.JPG
2025-08-22 08:50:57,612 - ERROR - OCR wrong [     0.5333     0.94428], image path:IMG_1330.JPG
2025-08-22 08:51:34,452 - ERROR -   Folder Name: 20250821-Phil-6-(40 Images), Image Path: IMG_1279.JPG
2025-08-22 08:51:34,452 - ERROR -   Folder Name: 20250821-Phil-6-(40 Images), Image Path: IMG_1321.JPG
2025-08-22 08:51:34,454 - ERROR -   Folder Name: 20250821-Phil-7-(40 Images), Image Path: IMG_1330.JPG
2025-08-22 08:51:34,454 - ERROR -   Folder Name: 20250821-Phil-7-(40 Images), Image Path: IMG_1328.JPG
2025-08-26 08:38:01,704 - INFO - ########################################################
2025-08-26 08:38:34,690 - ERROR - No of Bounding box:2, image path:gc_pandora\20250825-Phil-10-(40 Images)\IMG_2241.JPG
2025-08-26 08:38:59,459 - ERROR - OCR wrong [    0.95025     0.95372     0.98389     0.99144      0.9817     0.93481     0.96277     0.99336      0.9939     0.99339     0.98805     0.96741     0.97257     0.95268     0.94165     0.95768     0.94313     0.90217     0.93511      0.9533     0.95434     0.95696     0.94589     0.92606     0.49074     0.78863], image path:IMG_1102.JPG
2025-08-26 08:39:21,150 - ERROR -   Folder Name: 20250825-Phil-5-(40 Images), Image Path: IMG_1102.JPG
2025-08-26 08:39:21,150 - ERROR -   Folder Name: 20250825-Phil-5-(40 Images), Image Path: IMG_1003.JPG
2025-08-26 10:54:57,754 - INFO - ########################################################
2025-08-26 10:55:11,678 - ERROR - No of Bounding box:2, image path:gc_pandora\20250825-Phil-8-(40 Images)\IMG_1765.JPG
2025-08-28 06:25:54,681 - INFO - ########################################################
2025-08-28 09:27:17,950 - INFO - ########################################################
2025-08-29 09:03:43,407 - INFO - ########################################################
2025-08-29 10:22:28,100 - INFO - ########################################################
2025-08-30 05:06:26,646 - INFO - ########################################################
2025-08-30 06:44:47,263 - INFO - ########################################################
2025-09-02 08:14:00,190 - INFO - ########################################################
2025-09-02 08:14:06,153 - ERROR - OCR wrong [    0.26002], image path:IMG_0019.JPG
2025-09-02 08:14:26,437 - ERROR - OCR wrong [    0.99966      0.9999     0.99469     0.98518     0.78657], image path:IMG_0143.JPG
2025-09-02 08:15:20,388 - ERROR -   Folder Name: 20250901-Phil-1-(40 Images), Image Path: IMG_0019.JPG
2025-09-02 08:15:20,388 - ERROR -   Folder Name: 20250901-Phil-1-(40 Images), Image Path: IMG_0143.JPG
2025-09-02 08:15:20,388 - ERROR -   Folder Name: 20250901-Phil-7-(40 Images), Image Path: IMG_1518.JPG
2025-09-03 05:11:40,634 - INFO - ########################################################
2025-09-03 05:11:49,458 - ERROR - No of Bounding box:2, image path:gc_pandora\20250902-Phil-1-(40 Images)\IMG_0042.JPG
2025-09-03 09:35:27,995 - INFO - ########################################################
2025-09-03 12:12:59,702 - INFO - ########################################################
2025-09-03 12:18:25,003 - INFO - ########################################################
2025-09-04 09:21:51,808 - INFO - ########################################################
2025-09-05 09:47:48,822 - INFO - ########################################################
2025-09-05 09:48:47,959 - ERROR - OCR wrong [    0.93658     0.88094     0.97599     0.96796     0.92868     0.73487     0.87069], image path:IMG_1583.JPG
2025-09-05 09:49:17,317 - ERROR -   Folder Name: 20250904-Phil-8-(40 Images), Image Path: IMG_1583.JPG
2025-09-06 08:56:40,898 - INFO - ########################################################
2025-09-09 09:05:50,872 - INFO - ########################################################
2025-09-09 09:06:58,854 - ERROR - OCR wrong [    0.78533     0.99075], image path:IMG_1137.JPG
2025-09-09 09:07:22,241 - ERROR -   Folder Name: 20250908-Phil-6-(40 Images), Image Path: IMG_1137.JPG
2025-09-09 10:16:58,561 - INFO - ########################################################
2025-09-09 10:17:04,995 - ERROR -   Folder Name: 20250908-Create 2 GreatPhotos-(6 Images), Image Path: IMG_2151.JPG
2025-09-09 10:17:04,995 - ERROR -   Folder Name: 20250908-Create 2 GreatPhotos-(6 Images), Image Path: IMG_2124.JPG
2025-09-09 10:17:04,995 - ERROR -   Folder Name: 20250908-Create 2 GreatPhotos-(6 Images), Image Path: IMG_0008.JPG
2025-09-10 10:00:41,231 - INFO - ########################################################
2025-09-10 12:52:21,862 - INFO - ########################################################
2025-09-11 09:03:35,054 - INFO - ########################################################
2025-09-12 05:15:14,258 - INFO - ########################################################
2025-09-12 08:03:03,927 - INFO - ########################################################
2025-09-12 08:03:12,320 - ERROR -   Folder Name: 20250911-Create 2 GreatPhotos-(10 Images), Image Path: IMG_2696.JPG
2025-09-12 08:03:12,388 - ERROR -   Folder Name: 20250911-Create 2 GreatPhotos-(10 Images), Image Path: IMG_1506.JPG
2025-09-12 08:03:12,388 - ERROR -   Folder Name: 20250911-Create 2 GreatPhotos-(10 Images), Image Path: IMG_2336.JPG
2025-09-12 08:03:12,388 - ERROR -   Folder Name: 20250911-Create 2 GreatPhotos-(10 Images), Image Path: IMG_2430.JPG
2025-09-12 08:03:12,388 - ERROR -   Folder Name: 20250911-Create 2 GreatPhotos-(10 Images), Image Path: IMG_1249.JPG
2025-09-16 08:45:43,144 - INFO - ########################################################
2025-09-16 08:47:35,864 - ERROR -   Folder Name: 20250915-Phil-10-(40 Images), Image Path: IMG_2215.JPG
2025-09-16 11:30:30,105 - INFO - ########################################################
2025-09-17 08:33:57,048 - INFO - ########################################################
2025-09-18 08:22:25,127 - INFO - ########################################################
2025-09-19 08:33:23,958 - INFO - ########################################################
2025-09-19 10:14:12,513 - INFO - ########################################################
2025-09-20 08:43:18,145 - INFO - ########################################################
2025-09-23 08:35:45,223 - INFO - ########################################################
2025-09-23 09:28:59,288 - INFO - ########################################################
2025-09-23 09:30:17,588 - ERROR - No of Bounding box:2, image path:gc_pandora\20250922-Phil-9-(40 Images)\IMG_1554.JPG
2025-09-23 09:41:32,825 - INFO - ########################################################
2025-09-23 09:42:50,845 - ERROR - No of Bounding box:2, image path:gc_pandora\20250922-Phil-9-(40 Images)\IMG_1554.JPG
2025-09-24 09:34:24,709 - INFO - ########################################################
2025-09-24 09:35:30,197 - ERROR -   Folder Name: 20250923-Phil-6-(40 Images), Image Path: IMG_1168.JPG
2025-09-25 08:19:18,884 - INFO - ########################################################
2025-09-25 08:20:32,315 - ERROR - No of Bounding box:2, image path:gc_pandora\20250924-Phil-11-(40 Images)\IMG_2138.JPG
2025-09-25 08:22:09,864 - ERROR - OCR wrong [    0.99983      0.9982     0.38554     0.96129], image path:IMG_1444.JPG
2025-09-25 08:22:16,621 - ERROR -   Folder Name: 20250924-Phil-7-(40 Images), Image Path: IMG_1444.JPG
2025-09-26 06:22:09,399 - INFO - ########################################################
2025-09-26 10:15:20,154 - INFO - ########################################################
2025-09-30 08:38:05,949 - INFO - ########################################################
2025-09-30 08:50:10,481 - INFO - ########################################################
2025-10-01 08:45:59,948 - INFO - ########################################################
2025-10-01 08:46:51,396 - ERROR - OCR wrong [    0.99987     0.99997     0.99998     0.99997     0.99994     0.91886     0.77758], image path:IMG_0976.JPG
2025-10-01 08:48:03,635 - ERROR -   Folder Name: 20250930-Phil-6-(40 Images), Image Path: IMG_0976.JPG
2025-10-02 05:31:36,615 - INFO - ########################################################
2025-10-02 06:02:44,725 - INFO - ########################################################
2025-10-02 10:36:36,220 - INFO - ########################################################
2025-10-02 10:36:45,770 - ERROR -   Folder Name: 20251001-Create 2 GreatPhotos-(10 Images), Image Path: IMG_1306.JPG
2025-10-02 10:36:45,776 - ERROR -   Folder Name: 20251001-Create 2 GreatPhotos-(10 Images), Image Path: IMG_1818.JPG
2025-10-02 10:36:45,776 - ERROR -   Folder Name: 20251001-Create 2 GreatPhotos-(10 Images), Image Path: IMG_1789.JPG
2025-10-02 10:36:45,776 - ERROR -   Folder Name: 20251001-Create 2 GreatPhotos-(10 Images), Image Path: IMG_0900.JPG
2025-10-02 10:36:45,777 - ERROR -   Folder Name: 20251001-Create 2 GreatPhotos-(10 Images), Image Path: IMG_0400.JPG
2025-10-03 06:09:55,723 - INFO - ########################################################
2025-10-03 10:47:23,152 - INFO - ########################################################
2025-10-04 06:24:14,319 - INFO - ########################################################
2025-10-07 05:30:58,320 - INFO - ########################################################
2025-10-07 10:35:43,122 - INFO - ########################################################
2025-10-08 05:32:34,287 - INFO - ########################################################
2025-10-08 09:53:07,323 - INFO - ########################################################
2025-10-09 05:33:12,230 - INFO - ########################################################
2025-10-09 10:33:31,780 - INFO - ########################################################
2025-10-09 10:34:19,843 - ERROR -   Folder Name: 20251008-Phil-9-(40 Images), Image Path: IMG_1790.JPG
2025-10-10 05:26:27,483 - INFO - ########################################################
2025-10-10 05:26:51,212 - ERROR - No of Bounding box:2, image path:gc_pandora\20251008-Francisco-1-(40 images)\IMG_0163.JPG
2025-10-10 06:02:36,371 - INFO - ########################################################
2025-10-10 11:49:30,696 - INFO - ########################################################
2025-10-11 06:04:24,912 - INFO - ########################################################
2025-10-11 08:36:06,660 - INFO - ########################################################
2025-10-14 04:47:19,865 - INFO - ########################################################
2025-10-14 07:10:09,615 - INFO - ########################################################
2025-10-15 10:39:53,515 - INFO - ########################################################
2025-10-15 10:40:06,738 - ERROR - No of Bounding box:2, image path:gc_pandora\20251011-Francisco-3-(40 images)\IMG_0609.JPG
2025-10-15 10:41:55,184 - ERROR -   Folder Name: 20251011-Francisco-3-(40 images), Image Path: IMG_0695.JPG
2025-10-15 10:41:55,184 - ERROR -   Folder Name: 20251011-Francisco-3-(40 images), Image Path: IMG_0717.JPG
2025-10-15 10:41:55,184 - ERROR -   Folder Name: 20251011-Francisco-3-(40 images), Image Path: IMG_0728.JPG
2025-10-15 10:41:55,184 - ERROR -   Folder Name: 20251011-Francisco-3-(40 images), Image Path: IMG_0721.JPG
2025-10-15 10:41:55,184 - ERROR -   Folder Name: 20251011-Francisco-3-(40 images), Image Path: IMG_0751.JPG
2025-10-16 04:32:02,396 - INFO - ########################################################
2025-10-16 06:24:28,939 - INFO - ########################################################
2025-10-16 10:35:46,458 - INFO - ########################################################
2025-10-17 06:54:00,595 - INFO - ########################################################
2025-10-17 09:25:05,070 - INFO - ########################################################
2025-10-18 08:42:56,713 - INFO - ########################################################
2025-10-18 08:43:38,023 - ERROR -   Folder Name: 20251017-Phil-5-(40 Images), Image Path: IMG_0846.JPG
2025-10-18 12:06:42,846 - INFO - ########################################################
2025-10-18 12:07:40,697 - ERROR -   Folder Name: 20251017-Phil-5-(40 Images), Image Path: IMG_0846.JPG
2025-10-19 10:59:16,293 - INFO - ########################################################
2025-10-21 09:07:18,081 - INFO - ########################################################
2025-10-21 09:07:45,001 - ERROR - OCR wrong [    0.57384     0.97001      0.9994     0.99496     0.95298     0.92764     0.71923     0.89679], image path:IMG_0472.JPG
2025-10-21 09:07:57,742 - ERROR -   Folder Name: 20251016-Francisco-2-(40 images), Image Path: IMG_0472.JPG
2025-10-21 11:48:25,872 - INFO - ########################################################
2025-10-21 11:49:18,105 - ERROR - No of Bounding box:2, image path:gc_pandora\20251016-Francisco-4-(22 images)\IMG_0963.JPG
2025-10-21 11:51:01,127 - ERROR -   Folder Name: 20251020-Phil-9-(40 Images), Image Path: IMG_1981.JPG
2025-10-21 11:57:38,279 - INFO - ########################################################
2025-10-21 11:58:28,565 - ERROR - No of Bounding box:2, image path:gc_pandora\20251016-Francisco-4-(22 images)\IMG_0963.JPG
2025-10-21 12:00:43,528 - ERROR -   Folder Name: 20251020-Phil-9-(40 Images), Image Path: IMG_1981.JPG
2025-10-22 09:16:19,133 - INFO - ########################################################
2025-10-23 09:22:54,159 - INFO - ########################################################
2025-10-23 09:32:32,528 - INFO - ########################################################
2025-10-23 11:19:50,880 - INFO - ########################################################
2025-10-23 11:21:11,214 - ERROR -   Folder Name: 20251022-Phil-10-(40 Images), Image Path: IMG_2074.JPG
2025-10-24 08:51:39,663 - INFO - ########################################################
2025-10-24 08:53:27,417 - ERROR - OCR wrong [    0.76439     0.99584     0.81135     0.99967     0.99838      0.9997     0.99947     0.99988     0.65477     0.99486], image path:IMG_3506.JPG
2025-10-24 08:53:49,263 - ERROR -   Folder Name: 20251023-Phil-7-(40 Images), Image Path: IMG_3506.JPG
2025-10-25 06:43:25,204 - INFO - ########################################################
2025-10-25 06:44:04,769 - ERROR -   Folder Name: 20251024-Phil-1-(40 Images), Image Path: IMG_0001.JPG
2025-10-25 11:48:53,402 - INFO - ########################################################
2025-10-28 05:53:13,048 - INFO - ########################################################
2025-10-28 09:42:53,413 - INFO - ########################################################
2025-10-29 04:42:50,013 - INFO - ########################################################
2025-10-29 06:30:43,622 - INFO - ########################################################
2025-10-29 06:38:47,930 - INFO - ########################################################
2025-10-30 09:27:44,783 - INFO - ########################################################
2025-10-30 09:28:09,418 - ERROR - No of Bounding box:2, image path:gc_pandora\20251029-Phil-13-(40 Images)\IMG_2507.JPG
2025-10-30 09:28:31,376 - ERROR - No of Bounding box:2, image path:gc_pandora\20251029-Phil-3-(40 Images)\IMG_0332.JPG
2025-10-30 09:29:42,276 - ERROR - OCR wrong [    0.94891     0.99284     0.97463     0.99873     0.38829     0.56844     0.96645], image path:IMG_1711.JPG
2025-10-30 09:29:47,375 - ERROR -   Folder Name: 20251029-Phil-9-(40 Images), Image Path: IMG_1711.JPG
2025-10-31 04:52:04,525 - INFO - ########################################################
2025-10-31 08:14:18,763 - INFO - ########################################################
2025-10-31 08:39:38,586 - INFO - ########################################################
2025-10-31 08:40:18,479 - ERROR - No of Bounding box:2, image path:gc_pandora\20251030-Phil-7-(40 Images)\IMG_1552.JPG
2025-11-05 11:18:53,493 - INFO - ########################################################
2025-11-06 09:38:51,590 - INFO - ########################################################
2025-11-06 09:41:22,396 - ERROR -   Folder Name: 20251105-Phill-16-(40 Images), Image Path: IMG_3110.JPG
2025-11-07 09:22:39,123 - INFO - ########################################################
2025-11-07 09:24:27,056 - ERROR - OCR wrong [    0.99971     0.99939     0.99863     0.99906     0.75609     0.95557      0.9998     0.99921], image path:IMG_2143.JPG
2025-11-07 09:24:30,810 - ERROR -   Folder Name: 20251106-Phil-7-(40 Images), Image Path: IMG_1570.JPG
2025-11-07 09:24:30,810 - ERROR -   Folder Name: 20251106-Phil-9-(40 Images), Image Path: IMG_2143.JPG
2025-11-08 09:19:41,967 - INFO - ########################################################
2025-11-11 09:28:43,752 - INFO - ########################################################
2025-11-12 09:08:48,948 - INFO - ########################################################
2025-11-12 09:09:10,433 - ERROR - OCR wrong [    0.99998     0.99997     0.99994     0.99995     0.99994     0.74883     0.89365], image path:IMG_1077.JPG
2025-11-12 09:09:51,176 - ERROR - OCR wrong [    0.99995     0.99999     0.99994     0.99997     0.99995     0.99994      0.9938     0.93094     0.96899     0.99722     0.99923     0.99971     0.99951      0.9957     0.98243     0.97405     0.99793      0.9998     0.99985     0.99989     0.99992     0.71819     0.75655], image path:IMG_1809.JPG
2025-11-12 09:12:15,243 - ERROR -   Folder Name: 20251110-Francisco-5-(40 images), Image Path: IMG_1077.JPG
2025-11-12 09:12:15,243 - ERROR -   Folder Name: 20251110-Francisco-6-(31 images), Image Path: IMG_1809.JPG
2025-11-12 09:42:23,526 - INFO - ########################################################
2025-11-13 09:12:55,972 - INFO - ########################################################
2025-11-14 05:25:46,335 - INFO - ########################################################
2025-11-14 09:28:49,412 - INFO - ########################################################
2025-11-15 09:19:27,174 - INFO - ########################################################
2025-11-18 08:33:15,639 - INFO - ########################################################
2025-11-18 10:35:42,951 - INFO - ########################################################
2025-11-19 10:06:03,057 - INFO - ########################################################
2025-11-20 09:41:07,968 - INFO - ########################################################
2025-11-20 09:41:14,604 - ERROR - OCR wrong [    0.99998     0.99985      0.9999      0.9999     0.99988     0.99988     0.64696     0.99933], image path:IMG_1995.JPG
2025-11-20 09:42:00,782 - ERROR - No of Bounding box:2, image path:gc_pandora\20251119-Phil-3-(40 Images)\IMG_0433.JPG
2025-11-20 09:42:40,718 - ERROR -   Folder Name: 20251119-Phil-10-(40 Images), Image Path: IMG_1995.JPG
2025-11-20 09:42:40,718 - ERROR -   Folder Name: 20251119-Phil-3-(40 Images), Image Path: IMG_0584.JPG
2025-11-21 09:47:19,967 - INFO - ########################################################
2025-11-22 05:52:33,199 - INFO - ########################################################
2025-11-25 09:18:43,236 - INFO - ########################################################
2025-11-25 09:19:52,620 - ERROR - No of Bounding box:2, image path:gc_pandora\20251124-Phil-7-(40 Images)\IMG_1412.JPG
2025-11-26 09:20:37,741 - INFO - ########################################################
2025-11-27 09:05:19,351 - INFO - ########################################################
2025-11-27 09:05:52,241 - ERROR - No of Bounding box:2, image path:gc_pandora\20251126-Francisco-1-(40 images)\IMG_0277.JPG
2025-11-27 09:05:59,089 - ERROR - No of Bounding box:2, image path:gc_pandora\20251126-Phil-2-(40 Images)\IMG_0317.JPG
2025-12-02 10:05:45,378 - INFO - ########################################################
2025-12-02 10:07:55,786 - ERROR -   Folder Name: 20251201-Phil-7-(40 Images), Image Path: IMG_1247.JPG
2025-12-04 09:29:56,229 - INFO - ########################################################
2025-12-04 09:30:22,129 - ERROR - OCR wrong [     0.3029     0.97666], image path:IMG_1391.JPG
2025-12-04 09:32:05,168 - ERROR -   Folder Name: 20251203-Francisco-4-(40 images), Image Path: IMG_1391.JPG
2025-12-05 09:37:16,804 - INFO - ########################################################
2025-12-06 09:26:26,653 - INFO - ########################################################
2025-12-06 10:23:28,562 - INFO - ########################################################
2025-12-06 10:24:11,621 - ERROR - No of Bounding box:2, image path:gc_pandora\20251205-Francisco-1-(50 images)\IMG_0001.JPG
2025-12-09 10:09:18,177 - INFO - ########################################################
2025-12-10 09:35:50,731 - INFO - ########################################################
2025-12-10 09:37:23,821 - ERROR - No of Bounding box:2, image path:gc_pandora\20251209-Phil-6-(40 Images)\IMG_1288.JPG
2025-12-10 09:37:26,254 - ERROR - No of Bounding box:2, image path:gc_pandora\20251209-Phil-6-(40 Images)\IMG_1297.JPG
2025-12-10 15:59:23,775 - INFO - ########################################################
2025-12-10 15:59:27,362 - ERROR - OCR wrong [    0.81842     0.99957     0.85805     0.94038      0.9585     0.55632     0.70105     0.36419], image path:1J6A0144.JPG
2025-12-10 15:59:52,618 - ERROR -   Folder Name: 20251209-Azwar-1-(52 Images), Image Path: 1J6A0144.JPG
2025-12-11 08:26:52,813 - INFO - ########################################################
2025-12-12 09:12:37,033 - INFO - ########################################################
2025-12-12 09:13:21,185 - ERROR - OCR wrong [    0.29353      0.9866     0.93126     0.96205     0.98123     0.99227], image path:IMG_1520.JPG
2025-12-12 09:14:50,740 - ERROR -   Folder Name: 20251210-Francisco-6-(52 images), Image Path: IMG_1520.JPG
2025-12-13 09:11:49,757 - INFO - ########################################################
2025-12-13 10:50:15,129 - INFO - ########################################################
2025-12-16 08:44:26,372 - INFO - ########################################################
2025-12-17 09:39:37,928 - INFO - ########################################################
2025-12-17 09:39:47,962 - ERROR - No of Bounding box:2, image path:gc_pandora\20251216-Phil-4-(40 Images)\IMG_0665.JPG
2025-12-17 10:02:00,675 - INFO - ########################################################
2025-12-18 09:01:37,320 - INFO - ########################################################
2025-12-19 05:33:35,887 - INFO - ########################################################
2025-12-19 05:34:15,789 - ERROR -   Folder Name: 20251218-Phil-1-(40 Images), Image Path: IMG_0116.JPG
2025-12-19 09:32:56,268 - INFO - ########################################################
2025-12-19 09:34:24,540 - ERROR -   Folder Name: 20251218-Phil-1-(40 Images), Image Path: IMG_0116.JPG
2025-12-20 05:21:53,469 - INFO - ########################################################
2025-12-20 07:41:23,245 - INFO - ########################################################
2025-12-23 09:21:55,756 - INFO - ########################################################
2025-12-24 13:43:58,288 - INFO - ########################################################
2025-12-24 15:44:30,569 - INFO - ########################################################
2025-12-24 15:46:30,475 - ERROR -   Folder Name: 20251223-Phil-9-(40 Images), Image Path: IMG_1868.JPG
2025-12-24 15:46:30,476 - ERROR -   Folder Name: 20251223-Phil-9-(40 Images), Image Path: IMG_1907.JPG
2025-12-24 15:46:30,476 - ERROR -   Folder Name: 20251223-Phil-9-(40 Images), Image Path: IMG_1922.JPG
2025-12-30 08:44:52,183 - INFO - ########################################################
2025-12-30 08:45:23,118 - ERROR - OCR wrong [    0.99263     0.99808     0.71845     0.99841], image path:IMG_2662.JPG
2025-12-30 08:46:12,331 - ERROR -   Folder Name: 20251229-Phil-13-(38 Images), Image Path: IMG_2662.JPG
2025-12-30 08:46:12,331 - ERROR -   Folder Name: 20251229-Phil-13-(38 Images), Image Path: IMG_2644.JPG
2025-12-31 09:35:10,943 - INFO - ########################################################
2025-12-31 09:35:28,522 - ERROR - OCR wrong [    0.99855     0.99822     0.92592      0.8206     0.98051      0.5206     0.99847     0.67575     0.86667     0.99789], image path:IMG_2469.JPG
2025-12-31 09:35:39,269 - ERROR - OCR wrong [    0.87809     0.93955     0.90558     0.81744     0.85045     0.95131     0.58715     0.64354], image path:IMG_2605.JPG
2025-12-31 09:35:47,688 - ERROR - OCR wrong [    0.69492     0.98426     0.70541     0.79684     0.91414      0.9888     0.97489     0.78798     0.96166], image path:IMG_2720.JPG
2025-12-31 09:36:41,066 - ERROR -   Folder Name: 20251230-Phil-11-(37 Images), Image Path: IMG_2469.JPG
2025-12-31 09:36:41,067 - ERROR -   Folder Name: 20251230-Phil-11-(37 Images), Image Path: IMG_2605.JPG
2025-12-31 09:36:41,067 - ERROR -   Folder Name: 20251230-Phil-11-(37 Images), Image Path: IMG_2720.JPG
2025-12-31 09:36:41,067 - ERROR -   Folder Name: 20251230-Phil-11-(37 Images), Image Path: IMG_2256.JPG
2026-01-04 11:04:43,363 - INFO - ########################################################
2026-01-06 10:07:10,580 - INFO - ########################################################
2026-01-07 09:30:29,778 - INFO - ########################################################
2026-01-08 05:25:32,415 - INFO - ########################################################
2026-01-08 09:39:55,204 - INFO - ########################################################
2026-01-09 07:38:33,756 - INFO - ########################################################
2026-01-09 07:38:44,543 - ERROR - No of Bounding box:2, image path:gc_pandora\20260108-Phil-2-(40 Images)\IMG_0204.JPG
2026-01-09 10:47:25,083 - INFO - ########################################################
2026-01-09 10:48:35,422 - ERROR - No of Bounding box:2, image path:gc_pandora\20260108-Phil-2-(40 Images)\IMG_0204.JPG
2026-01-09 11:18:28,889 - INFO - ########################################################
2026-01-09 11:19:35,876 - ERROR - No of Bounding box:2, image path:gc_pandora\20260108-Phil-2-(40 Images)\IMG_0204.JPG
2026-01-09 11:26:14,921 - INFO - ########################################################
2026-01-09 11:27:14,665 - ERROR - No of Bounding box:2, image path:gc_pandora\20260108-Phil-2-(40 Images)\IMG_0204.JPG
2026-01-13 09:53:24,876 - INFO - ########################################################
2026-01-13 09:55:31,159 - ERROR - OCR wrong [    0.92209     0.58108     0.61218     0.46753     0.92535     0.99575     0.99741     0.99931     0.99909     0.99981     0.96319     0.97354], image path:IMG_1471.JPG
2026-01-13 09:55:36,584 - ERROR - OCR wrong [    0.67689     0.89628     0.58234     0.82915     0.78325     0.99558     0.95545     0.81851     0.99831], image path:IMG_1490.JPG
2026-01-13 09:55:59,942 - ERROR - OCR wrong [    0.41271      0.2138], image path:IMG_1615.JPG
2026-01-13 09:56:07,466 - ERROR - OCR wrong [     0.9179     0.97447     0.53613     0.26261     0.63932], image path:IMG_1643.JPG
2026-01-13 09:56:13,943 - ERROR -   Folder Name: 20260112-Azwar-1-(31 Images), Image Path: AR 83.jpg
2026-01-13 09:56:13,944 - ERROR -   Folder Name: 20260112-Phil-8-(40 Images), Image Path: IMG_1490.JPG
2026-01-13 09:56:13,944 - ERROR -   Folder Name: 20260112-Phil-8-(40 Images), Image Path: IMG_1471.JPG
2026-01-13 09:56:13,944 - ERROR -   Folder Name: 20260112-Phil-8-(40 Images), Image Path: IMG_1643.JPG
2026-01-13 09:56:13,944 - ERROR -   Folder Name: 20260112-Phil-8-(40 Images), Image Path: IMG_1615.JPG
2026-01-14 09:49:06,722 - INFO - ########################################################
2026-01-14 09:49:10,217 - ERROR - OCR wrong [    0.99994     0.99898      0.9999     0.99981     0.99997     0.99941     0.71444     0.99785], image path:AR 123.jpg
2026-01-14 09:50:06,939 - ERROR - OCR wrong [    0.99997     0.99923     0.99982     0.99987     0.99996     0.51347     0.99031], image path:AR 249.jpg
2026-01-14 09:51:58,282 - ERROR -   Folder Name: 20260113-Azwar-2-(40 Images), Image Path: AR 123.jpg
2026-01-14 09:51:58,282 - ERROR -   Folder Name: 20260113-Azwar-3-(23 Images), Image Path: AR 249.jpg
2026-01-15 09:00:44,530 - INFO - ########################################################
2026-01-15 09:35:24,933 - INFO - ########################################################
2026-01-16 08:42:32,592 - INFO - ########################################################
2026-01-16 09:08:35,908 - INFO - ########################################################
2026-01-17 10:04:48,943 - INFO - ########################################################
2026-01-17 10:05:20,810 - ERROR - OCR wrong [    0.95191     0.99849     0.99971     0.99852     0.70477     0.97888], image path:IMG_1643.JPG
2026-01-17 10:07:35,459 - ERROR -   Folder Name: 20260114-Francisco-4-(44 images), Image Path: IMG_1643.JPG
2026-01-18 10:01:54,196 - INFO - ########################################################
2026-01-18 10:38:17,112 - INFO - ########################################################
2026-01-18 10:38:49,500 - ERROR - OCR wrong [    0.96761     0.48468     0.91273     0.41182     0.89387     0.98905     0.60899     0.23621     0.99608], image path:IMG_0796.JPG
2026-01-18 10:38:50,521 - ERROR - OCR wrong [    0.91427      0.9982     0.99857     0.61461     0.99438     0.99972      0.9992      0.9996     0.99991     0.99075     0.98357], image path:IMG_0803.JPG
2026-01-18 10:38:59,877 - ERROR -   Folder Name: 20260116-Francisco-2-(40 images), Image Path: IMG_0796.JPG
2026-01-18 10:38:59,877 - ERROR -   Folder Name: 20260116-Francisco-2-(40 images), Image Path: IMG_0803.JPG
2026-01-20 09:36:40,364 - INFO - ########################################################
2026-01-20 09:38:47,177 - ERROR -   Folder Name: 20260119-Phil-11-(41 Images), Image Path: IMG_2156.JPG
2026-01-21 05:27:22,213 - INFO - ########################################################
2026-01-21 10:29:26,002 - INFO - ########################################################
2026-01-21 10:29:46,439 - ERROR - OCR wrong [    0.99998     0.99982     0.99999     0.99996     0.99997     0.99914      0.6155     0.99749], image path:IMG_2459.JPG
2026-01-21 10:29:47,269 - ERROR - OCR wrong [    0.59877     0.96439], image path:IMG_2464.JPG
2026-01-21 10:34:18,883 - ERROR -   Folder Name: 20260119-Francisco-5-(16 images), Image Path: IMG_2459.JPG
2026-01-21 10:34:18,883 - ERROR -   Folder Name: 20260119-Francisco-5-(16 images), Image Path: IMG_2464.JPG
2026-01-22 09:21:37,261 - INFO - ########################################################
2026-01-23 09:17:55,520 - INFO - ########################################################
2026-01-23 10:50:08,304 - INFO - ########################################################
2026-01-23 10:53:16,107 - INFO - ########################################################
2026-01-23 10:53:56,972 - ERROR -   Folder Name: 20260122-Phil-9-(40 Images), Image Path: IMG_2061.JPG
2026-01-23 10:53:56,972 - ERROR -   Folder Name: 20260122-Phil-9-(40 Images), Image Path: IMG_1932.JPG
2026-01-23 10:53:56,973 - ERROR -   Folder Name: 20260122-Phil-9-(40 Images), Image Path: IMG_2029.JPG
2026-01-23 10:53:56,973 - ERROR -   Folder Name: 20260122-Phil-9-(40 Images), Image Path: IMG_2032.JPG
2026-01-23 10:53:56,973 - ERROR -   Folder Name: 20260122-Phil-9-(40 Images), Image Path: IMG_1873.JPG
2026-01-24 10:05:33,920 - INFO - ########################################################
2026-01-24 10:05:57,196 - ERROR - No of Bounding box:2, image path:gc_pandora\20260123-Azwar-2-(40 Images)\AR 174.jpg
2026-01-24 12:15:38,588 - INFO - ########################################################
2026-01-25 10:19:32,234 - INFO - ########################################################
2026-01-25 10:19:49,468 - ERROR - No of Bounding box:2, image path:gc_pandora\20260124-Azwar-1-(49 Images)\AR 129.jpg
2026-01-27 08:08:25,704 - INFO - ########################################################
2026-01-27 08:08:28,442 - ERROR - No of Bounding box:2, image path:gc_pandora\20260126-Phil-4-(40 Images)\IMG_0702.JPG
2026-01-28 09:31:03,224 - INFO - ########################################################
2026-01-30 09:11:31,190 - INFO - ########################################################
2026-01-30 10:29:33,525 - INFO - ########################################################
2026-02-03 09:25:49,021 - INFO - ########################################################
2026-02-04 09:27:15,739 - INFO - ########################################################
2026-02-04 09:27:38,030 - ERROR - No of Bounding box:2, image path:gc_pandora\20260203-Azwar-2-(40 Images)\AR 165.jpg
2026-02-04 09:28:52,498 - ERROR - OCR wrong [    0.56259      0.6587     0.77375       0.903     0.57967     0.53431     0.49322], image path:IMG_1190.JPG
2026-02-04 09:28:56,611 - ERROR -   Folder Name: 20260203-Phil-7-(40 Images), Image Path: IMG_1190.JPG
2026-02-05 09:39:14,300 - INFO - ########################################################
2026-02-05 09:39:19,502 - ERROR - No of Bounding box:2, image path:gc_pandora\20260204-Azwar-1-(52 Images)\AR 18.jpg
2026-02-05 09:39:23,362 - ERROR - No of Bounding box:2, image path:gc_pandora\20260204-Azwar-1-(52 Images)\AR 3.jpg
2026-02-06 09:41:52,570 - INFO - ########################################################
2026-02-07 09:01:01,487 - INFO - ########################################################
2026-02-07 09:02:14,563 - ERROR - No of Bounding box:3, image path:gc_pandora\20260206-Azwar-3-(48 Images)\AR 108.jpg
2026-02-07 09:02:17,262 - ERROR - No of Bounding box:2, image path:gc_pandora\20260206-Azwar-3-(48 Images)\AR 117.jpg
2026-02-07 09:02:25,959 - ERROR - No of Bounding box:2, image path:gc_pandora\20260206-Azwar-3-(48 Images)\AR 144.jpg
2026-02-07 09:02:34,852 - ERROR -   Folder Name: 20260206-Azwar-3-(48 Images), Image Path: AR 96.jpg
2026-02-07 11:59:25,091 - INFO - ########################################################
2026-02-10 09:08:35,585 - INFO - ########################################################
2026-02-11 04:53:50,092 - INFO - ########################################################
2026-02-11 04:54:15,021 - ERROR - OCR wrong [    0.51192     0.86068      0.5264     0.52587      0.9965      0.9944      0.9218     0.93581], image path:IMG_0214.JPG
2026-02-11 04:54:33,921 - ERROR -   Folder Name: 20260209-Francisco-1-(40 images), Image Path: IMG_0214.JPG
2026-02-11 06:32:15,651 - INFO - ########################################################
2026-02-13 09:23:32,861 - INFO - ########################################################
2026-02-13 09:24:54,910 - ERROR - OCR wrong [     0.7436     0.98644     0.98583     0.99508     0.99955     0.99978     0.98472     0.63312], image path:AR 307.jpg
2026-02-13 09:24:57,660 - ERROR -   Folder Name: 20260212-Azwar-3-(25 Images), Image Path: AR 307.jpg
2026-02-14 22:15:11,798 - INFO - ########################################################
2026-02-15 10:03:22,578 - INFO - ########################################################
2026-02-17 09:12:52,037 - INFO - ########################################################
2026-02-18 06:18:02,260 - INFO - ########################################################
2026-02-18 09:56:47,280 - INFO - ########################################################
2026-02-19 09:07:58,339 - INFO - ########################################################
2026-02-19 09:53:25,887 - INFO - ########################################################
2026-02-20 06:15:53,173 - INFO - ########################################################
2026-02-20 07:59:14,150 - INFO - ########################################################
2026-02-21 09:27:48,547 - INFO - ########################################################
2026-02-21 09:28:15,972 - ERROR - No of Bounding box:2, image path:gc_pandora\20260220-Azwar-4-(50 Images)\AR 420.jpg
2026-02-21 09:28:28,370 - ERROR - No of Bounding box:2, image path:gc_pandora\20260220-Azwar-4-(50 Images)\AR 450.jpg
2026-02-21 13:17:20,785 - INFO - ########################################################
2026-02-21 13:17:33,575 - ERROR - No of Bounding box:2, image path:gc_pandora\20260220-Phil-9-(44 Images)\IMG_1908.JPG
2026-02-21 15:20:53,115 - INFO - ########################################################
2026-02-24 08:58:17,204 - INFO - ########################################################
2026-02-25 09:09:20,697 - INFO - ########################################################
2026-02-26 09:02:12,119 - INFO - ########################################################
2026-02-26 09:05:15,546 - ERROR - No of Bounding box:2, image path:gc_pandora\20260225-Phil-8-(40 Images)\IMG_1611.JPG
2026-02-27 09:41:41,827 - INFO - ########################################################
2026-02-27 09:43:27,123 - ERROR -   Folder Name: 20260226-Azwar-1-(40 Images), Image Path: AR 70.jpg
2026-02-28 05:38:25,995 - INFO - ########################################################
2026-02-28 08:05:41,816 - INFO - ########################################################
2026-02-28 08:08:01,855 - ERROR - No of Bounding box:2, image path:gc_pandora\20260227-Azwar-1-(40 Images)\AR 120.jpg
2026-02-28 08:08:03,128 - ERROR - No of Bounding box:2, image path:gc_pandora\20260227-Azwar-1-(40 Images)\AR 123.jpg
2026-02-28 08:08:05,540 - ERROR - No of Bounding box:2, image path:gc_pandora\20260227-Azwar-1-(40 Images)\AR 129.jpg
2026-02-28 08:08:06,707 - ERROR - No of Bounding box:2, image path:gc_pandora\20260227-Azwar-1-(40 Images)\AR 132.jpg
2026-02-28 08:08:09,125 - ERROR - No of Bounding box:2, image path:gc_pandora\20260227-Azwar-1-(40 Images)\AR 138.jpg
2026-02-28 08:08:10,264 - ERROR - No of Bounding box:2, image path:gc_pandora\20260227-Azwar-1-(40 Images)\AR 141.jpg
2026-02-28 08:08:11,426 - ERROR - No of Bounding box:2, image path:gc_pandora\20260227-Azwar-1-(40 Images)\AR 144.jpg
2026-02-28 08:09:08,709 - ERROR - OCR wrong [    0.97538     0.73917], image path:IMG_0018.JPG
2026-02-28 08:09:09,072 - ERROR - No of Bounding box:2, image path:gc_pandora\20260227-Phil-2-(40 Images)\IMG_0020.JPG
2026-02-28 08:09:11,502 - ERROR - No of Bounding box:2, image path:gc_pandora\20260227-Phil-2-(40 Images)\IMG_0029.JPG
2026-02-28 08:09:28,193 - ERROR - OCR wrong [    0.37959     0.70195      0.5545     0.53984], image path:IMG_0113.JPG
2026-02-28 08:10:39,820 - ERROR -   Folder Name: 20260227-Phil-2-(40 Images), Image Path: IMG_0113.JPG
2026-02-28 08:10:39,820 - ERROR -   Folder Name: 20260227-Phil-2-(40 Images), Image Path: IMG_0018.JPG
2026-03-01 11:39:25,733 - INFO - ########################################################
2026-03-03 09:13:17,175 - INFO - ########################################################
2026-03-04 09:02:03,315 - INFO - ########################################################
2026-03-04 10:12:17,899 - INFO - ########################################################
2026-03-05 09:34:35,384 - INFO - ########################################################
2026-03-06 05:41:40,127 - INFO - ########################################################
2026-03-06 05:42:05,954 - ERROR - OCR wrong [     0.9765     0.95052     0.97592     0.98856     0.97872     0.93015     0.95711     0.99256     0.99301     0.99255     0.98571     0.96075     0.96808      0.9409     0.92926     0.94879      0.9363     0.90192     0.94107     0.95699     0.96239     0.96395     0.94506     0.91751     0.62214     0.76499], image path:IMG_0427.JPG
2026-03-06 05:42:21,651 - ERROR -   Folder Name: 20260305-Phil-2-(40 Images), Image Path: IMG_0427.JPG
2026-03-06 08:40:44,007 - INFO - ########################################################
2026-03-07 07:45:28,573 - INFO - ########################################################
2026-03-07 10:17:05,161 - INFO - ########################################################
